<?xml version="1.0" encoding="UTF-8"?>
<testng-results skipped="0" failed="1" ignored="0" total="5" passed="4">
  <reporter-output>
  </reporter-output>
  <suite name="Default suite" duration-ms="52692" started-at="2022-02-08T10:58:11 CST" finished-at="2022-02-08T10:59:03 CST">
    <groups>
    </groups>
    <test name="Default test" duration-ms="52692" started-at="2022-02-08T10:58:11 CST" finished-at="2022-02-08T10:59:03 CST">
      <class name="com.acti.testcase.LoginPageTests">
        <test-method status="PASS" signature="setUp()[pri:0, instance:com.acti.testcase.LoginPageTests@3ecd23d9]" name="setUp" is-config="true" duration-ms="4504" started-at="2022-02-08T10:58:11 CST" finished-at="2022-02-08T10:58:16 CST">
          <reporter-output>
          </reporter-output>
        </test-method> <!-- setUp -->
        <test-method status="PASS" signature="testLoginFubction(java.lang.String,java.lang.String)[pri:0, instance:com.acti.testcase.LoginPageTests@3ecd23d9]" name="testLoginFubction" duration-ms="3204" started-at="2022-02-08T10:58:16 CST" data-provider="actiData" finished-at="2022-02-08T10:58:19 CST">
          <params>
            <param index="0">
              <value>
                <![CDATA[admin]]>
              </value>
            </param>
            <param index="1">
              <value>
                <![CDATA[manager]]>
              </value>
            </param>
          </params>
          <reporter-output>
          </reporter-output>
        </test-method> <!-- testLoginFubction -->
        <test-method status="PASS" signature="tearDown()[pri:0, instance:com.acti.testcase.LoginPageTests@3ecd23d9]" name="tearDown" is-config="true" duration-ms="720" started-at="2022-02-08T10:58:19 CST" finished-at="2022-02-08T10:58:20 CST">
          <reporter-output>
          </reporter-output>
        </test-method> <!-- tearDown -->
        <test-method status="PASS" signature="setUp()[pri:0, instance:com.acti.testcase.LoginPageTests@3ecd23d9]" name="setUp" is-config="true" duration-ms="3406" started-at="2022-02-08T10:58:20 CST" finished-at="2022-02-08T10:58:23 CST">
          <reporter-output>
          </reporter-output>
        </test-method> <!-- setUp -->
        <test-method status="PASS" signature="testLoginFubction(java.lang.String,java.lang.String)[pri:0, instance:com.acti.testcase.LoginPageTests@3ecd23d9]" name="testLoginFubction" duration-ms="3891" started-at="2022-02-08T10:58:23 CST" data-provider="actiData" finished-at="2022-02-08T10:58:27 CST">
          <params>
            <param index="0">
              <value>
                <![CDATA[admin]]>
              </value>
            </param>
            <param index="1">
              <value>
                <![CDATA[manager]]>
              </value>
            </param>
          </params>
          <reporter-output>
          </reporter-output>
        </test-method> <!-- testLoginFubction -->
        <test-method status="PASS" signature="tearDown()[pri:0, instance:com.acti.testcase.LoginPageTests@3ecd23d9]" name="tearDown" is-config="true" duration-ms="720" started-at="2022-02-08T10:58:27 CST" finished-at="2022-02-08T10:58:28 CST">
          <reporter-output>
          </reporter-output>
        </test-method> <!-- tearDown -->
        <test-method status="PASS" signature="setUp()[pri:0, instance:com.acti.testcase.LoginPageTests@3ecd23d9]" name="setUp" is-config="true" duration-ms="3698" started-at="2022-02-08T10:58:28 CST" finished-at="2022-02-08T10:58:31 CST">
          <reporter-output>
          </reporter-output>
        </test-method> <!-- setUp -->
        <test-method status="FAIL" signature="testLoginFubction(java.lang.String,java.lang.String)[pri:0, instance:com.acti.testcase.LoginPageTests@3ecd23d9]" name="testLoginFubction" duration-ms="20348" started-at="2022-02-08T10:58:31 CST" data-provider="actiData" finished-at="2022-02-08T10:58:52 CST">
          <params>
            <param index="0">
              <value>
                <![CDATA[manager]]>
              </value>
            </param>
            <param index="1">
              <value>
                <![CDATA[manager]]>
              </value>
            </param>
          </params>
          <exception class="org.openqa.selenium.NoSuchElementException">
            <message>
              <![CDATA[no such element: Unable to locate element: {"method":"xpath","selector":"//a[@class='userProfileLink username ']"}
  (Session info: chrome=97.0.4692.99)
For documentation on this error, please visit: https://www.seleniumhq.org/exceptions/no_such_element.html
Build info: version: '3.141.59', revision: 'e82be7d358', time: '2018-11-14T08:17:03'
System info: host: 'LAPTOP-VKF73QEO', ip: '192.168.86.27', os.name: 'Windows 10', os.arch: 'amd64', os.version: '10.0', java.version: '1.8.0_202'
Driver info: org.openqa.selenium.chrome.ChromeDriver
Capabilities {acceptInsecureCerts: false, browserName: chrome, browserVersion: 97.0.4692.99, chrome: {chromedriverVersion: 96.0.4664.45 (76e4c1bb2ab46..., userDataDir: C:\Users\12142\AppData\Loca...}, goog:chromeOptions: {debuggerAddress: localhost:61565}, javascriptEnabled: true, networkConnectionEnabled: false, pageLoadStrategy: normal, platform: WINDOWS, platformName: WINDOWS, proxy: Proxy(), setWindowRect: true, strictFileInteractability: false, timeouts: {implicit: 0, pageLoad: 300000, script: 30000}, unhandledPromptBehavior: dismiss and notify, webauthn:extension:credBlob: true, webauthn:extension:largeBlob: true, webauthn:virtualAuthenticators: true}
Session ID: f66fa5c69fbf0c96d5742aaeb15db452
*** Element info: {Using=xpath, value=//a[@class='userProfileLink username ']}]]>
            </message>
            <full-stacktrace>
              <![CDATA[org.openqa.selenium.NoSuchElementException: no such element: Unable to locate element: {"method":"xpath","selector":"//a[@class='userProfileLink username ']"}
  (Session info: chrome=97.0.4692.99)
For documentation on this error, please visit: https://www.seleniumhq.org/exceptions/no_such_element.html
Build info: version: '3.141.59', revision: 'e82be7d358', time: '2018-11-14T08:17:03'
System info: host: 'LAPTOP-VKF73QEO', ip: '192.168.86.27', os.name: 'Windows 10', os.arch: 'amd64', os.version: '10.0', java.version: '1.8.0_202'
Driver info: org.openqa.selenium.chrome.ChromeDriver
Capabilities {acceptInsecureCerts: false, browserName: chrome, browserVersion: 97.0.4692.99, chrome: {chromedriverVersion: 96.0.4664.45 (76e4c1bb2ab46..., userDataDir: C:\Users\12142\AppData\Loca...}, goog:chromeOptions: {debuggerAddress: localhost:61565}, javascriptEnabled: true, networkConnectionEnabled: false, pageLoadStrategy: normal, platform: WINDOWS, platformName: WINDOWS, proxy: Proxy(), setWindowRect: true, strictFileInteractability: false, timeouts: {implicit: 0, pageLoad: 300000, script: 30000}, unhandledPromptBehavior: dismiss and notify, webauthn:extension:credBlob: true, webauthn:extension:largeBlob: true, webauthn:virtualAuthenticators: true}
Session ID: f66fa5c69fbf0c96d5742aaeb15db452
*** Element info: {Using=xpath, value=//a[@class='userProfileLink username ']}
at sun.reflect.NativeConstructorAccessorImpl.newInstance0(Native Method)
at sun.reflect.NativeConstructorAccessorImpl.newInstance(Unknown Source)
at sun.reflect.DelegatingConstructorAccessorImpl.newInstance(Unknown Source)
at java.lang.reflect.Constructor.newInstance(Unknown Source)
at org.openqa.selenium.remote.http.W3CHttpResponseCodec.createException(W3CHttpResponseCodec.java:187)
at org.openqa.selenium.remote.http.W3CHttpResponseCodec.decode(W3CHttpResponseCodec.java:122)
at org.openqa.selenium.remote.http.W3CHttpResponseCodec.decode(W3CHttpResponseCodec.java:49)
at org.openqa.selenium.remote.HttpCommandExecutor.execute(HttpCommandExecutor.java:158)
at org.openqa.selenium.remote.service.DriverCommandExecutor.execute(DriverCommandExecutor.java:83)
at org.openqa.selenium.remote.RemoteWebDriver.execute(RemoteWebDriver.java:552)
at org.openqa.selenium.remote.RemoteWebDriver.findElement(RemoteWebDriver.java:323)
at org.openqa.selenium.remote.RemoteWebDriver.findElementByXPath(RemoteWebDriver.java:428)
at org.openqa.selenium.By$ByXPath.findElement(By.java:353)
at org.openqa.selenium.remote.RemoteWebDriver.findElement(RemoteWebDriver.java:315)
at org.openqa.selenium.support.pagefactory.DefaultElementLocator.findElement(DefaultElementLocator.java:69)
at org.openqa.selenium.support.pagefactory.internal.LocatingElementHandler.invoke(LocatingElementHandler.java:38)
at com.sun.proxy.$Proxy10.getText(Unknown Source)
at com.acti.pages.EnterTimePage.verifyUserLoggedIn(EnterTimePage.java:30)
at com.acti.testcase.LoginPageTests.testLoginFubction(LoginPageTests.java:35)
at sun.reflect.NativeMethodAccessorImpl.invoke0(Native Method)
at sun.reflect.NativeMethodAccessorImpl.invoke(Unknown Source)
at sun.reflect.DelegatingMethodAccessorImpl.invoke(Unknown Source)
at java.lang.reflect.Method.invoke(Unknown Source)
at org.testng.internal.MethodInvocationHelper.invokeMethod(MethodInvocationHelper.java:133)
at org.testng.internal.TestInvoker.invokeMethod(TestInvoker.java:598)
at org.testng.internal.TestInvoker.invokeTestMethod(TestInvoker.java:173)
at org.testng.internal.MethodRunner.runInSequence(MethodRunner.java:46)
at org.testng.internal.TestInvoker$MethodInvocationAgent.invoke(TestInvoker.java:824)
at org.testng.internal.TestInvoker.invokeTestMethods(TestInvoker.java:146)
at org.testng.internal.TestMethodWorker.invokeTestMethods(TestMethodWorker.java:146)
at org.testng.internal.TestMethodWorker.run(TestMethodWorker.java:128)
at java.util.ArrayList.forEach(Unknown Source)
at org.testng.TestRunner.privateRun(TestRunner.java:794)
at org.testng.TestRunner.run(TestRunner.java:596)
at org.testng.SuiteRunner.runTest(SuiteRunner.java:377)
at org.testng.SuiteRunner.runSequentially(SuiteRunner.java:371)
at org.testng.SuiteRunner.privateRun(SuiteRunner.java:332)
at org.testng.SuiteRunner.run(SuiteRunner.java:276)
at org.testng.SuiteRunnerWorker.runSuite(SuiteRunnerWorker.java:53)
at org.testng.SuiteRunnerWorker.run(SuiteRunnerWorker.java:96)
at org.testng.TestNG.runSuitesSequentially(TestNG.java:1212)
at org.testng.TestNG.runSuitesLocally(TestNG.java:1134)
at org.testng.TestNG.runSuites(TestNG.java:1063)
at org.testng.TestNG.run(TestNG.java:1031)
at org.testng.remote.AbstractRemoteTestNG.run(AbstractRemoteTestNG.java:115)
at org.testng.remote.RemoteTestNG.initAndRun(RemoteTestNG.java:251)
at org.testng.remote.RemoteTestNG.main(RemoteTestNG.java:77)
]]>
            </full-stacktrace>
          </exception> <!-- org.openqa.selenium.NoSuchElementException -->
          <reporter-output>
          </reporter-output>
        </test-method> <!-- testLoginFubction -->
        <test-method status="PASS" signature="tearDown()[pri:0, instance:com.acti.testcase.LoginPageTests@3ecd23d9]" name="tearDown" is-config="true" duration-ms="784" started-at="2022-02-08T10:58:52 CST" finished-at="2022-02-08T10:58:53 CST">
          <reporter-output>
          </reporter-output>
        </test-method> <!-- tearDown -->
        <test-method status="PASS" signature="setUp()[pri:0, instance:com.acti.testcase.LoginPageTests@3ecd23d9]" name="setUp" is-config="true" duration-ms="5230" started-at="2022-02-08T10:58:53 CST" finished-at="2022-02-08T10:58:58 CST">
          <reporter-output>
          </reporter-output>
        </test-method> <!-- setUp -->
        <test-method status="PASS" signature="testValidateActiLogoDisplayed()[pri:0, instance:com.acti.testcase.LoginPageTests@3ecd23d9]" name="testValidateActiLogoDisplayed" duration-ms="89" started-at="2022-02-08T10:58:58 CST" finished-at="2022-02-08T10:58:58 CST">
          <reporter-output>
          </reporter-output>
        </test-method> <!-- testValidateActiLogoDisplayed -->
        <test-method status="PASS" signature="tearDown()[pri:0, instance:com.acti.testcase.LoginPageTests@3ecd23d9]" name="tearDown" is-config="true" duration-ms="679" started-at="2022-02-08T10:58:58 CST" finished-at="2022-02-08T10:58:59 CST">
          <reporter-output>
          </reporter-output>
        </test-method> <!-- tearDown -->
        <test-method status="PASS" signature="setUp()[pri:0, instance:com.acti.testcase.LoginPageTests@3ecd23d9]" name="setUp" is-config="true" duration-ms="4086" started-at="2022-02-08T10:58:59 CST" finished-at="2022-02-08T10:59:03 CST">
          <reporter-output>
          </reporter-output>
        </test-method> <!-- setUp -->
        <test-method status="PASS" signature="testValidateLoginPageDisplayed()[pri:0, instance:com.acti.testcase.LoginPageTests@3ecd23d9]" name="testValidateLoginPageDisplayed" duration-ms="7" started-at="2022-02-08T10:59:03 CST" finished-at="2022-02-08T10:59:03 CST">
          <reporter-output>
          </reporter-output>
        </test-method> <!-- testValidateLoginPageDisplayed -->
        <test-method status="PASS" signature="tearDown()[pri:0, instance:com.acti.testcase.LoginPageTests@3ecd23d9]" name="tearDown" is-config="true" duration-ms="661" started-at="2022-02-08T10:59:03 CST" finished-at="2022-02-08T10:59:03 CST">
          <reporter-output>
          </reporter-output>
        </test-method> <!-- tearDown -->
      </class> <!-- com.acti.testcase.LoginPageTests -->
    </test> <!-- Default test -->
  </suite> <!-- Default suite -->
</testng-results>
